#
# A fatal error has been detected by the Java Runtime Environment:
#
#  EXCEPTION_ACCESS_VIOLATION (0xc0000005) at pc=0x594d270c, pid=4548, tid=0x00001158
#
# JRE version: Java(TM) SE Runtime Environment (8.0_92-b14) (build 1.8.0_92-b14)
# Java VM: Java HotSpot(TM) Client VM (25.92-b14 mixed mode windows-x86 )
# Problematic frame:
# C  [UIPFull.dll+0x1e270c]
#
# Failed to write core dump. Minidumps are not enabled by default on client versions of Windows
#
# If you would like to submit a bug report, please visit:
#   http://bugreport.java.com/bugreport/crash.jsp
#

---------------  T H R E A D  ---------------

Current thread (0x028fbc00):  VMThread [stack: 0x451d0000,0x452d0000] [id=4440]

siginfo: ExceptionCode=0xc0000005, reading address 0x0000000d

Registers:
EAX=0x00000001, EBX=0x4c7234b0, ECX=0x00670000, EDX=0x00670000
ESP=0x452cf764, EBP=0x452cf774, ESI=0x00000000, EDI=0x00000000
EIP=0x594d270c, EFLAGS=0x00010202

Top of Stack: (sp=0x452cf764)
0x452cf764:   4c72357c 5952df60 594d265d 00000014
0x452cf774:   452cf794 5952df78 452cf78c 59c1aa78
0x452cf784:   006e2a18 5952df60 0000000c 452cf7d8
0x452cf794:   452cf7d8 594eccab 814a6596 00000001
0x452cf7a4:   00000000 00000001 4c7234b0 4c7234b0
0x452cf7b4:   4c72357c 4c723710 4c7234b0 452cf79c
0x452cf7c4:   452cf114 452cf808 594f3f80 9d3dad1e
0x452cf7d4:   00000000 452cf818 594ecad6 00000000 

Instructions: (pc=0x594d270c)
0x594d26ec:   80 7f 0d 00 75 25 ff 76 08 b9 3c dd 5d 59 e8 41
0x594d26fc:   7b e4 ff 8b 36 57 e8 7c 47 01 00 83 c4 04 8b fe
0x594d270c:   80 7e 0d 00 74 e0 a1 3c dd 5d 59 89 40 04 a1 3c
0x594d271c:   dd 5d 59 5f 5e 89 00 a1 3c dd 5d 59 89 40 08 c7 


Register to memory mapping:

EAX=
[error occurred during error reporting (printing register info), id 0xc0000005]

Stack: [0x451d0000,0x452d0000],  sp=0x452cf764,  free space=1021k
Native frames: (J=compiled Java code, j=interpreted, Vv=VM code, C=native code)
C  [UIPFull.dll+0x1e270c]
C  [UIPFull.dll+0x23df78]
C  [UIPFull.dll+0x1fccab]
C  [UIPFull.dll+0x1fcad6]
C  [UIPFull.dll+0x1f89fa]
C  [UIPFull.dll+0x1f893c]
C  [ntdll.dll+0x72ed6]
C  [ntdll.dll+0x4a288]
C  [ntdll.dll+0x40496]
C  [ntdll.dll+0x32755]
C  [KERNEL32.DLL+0x259a3]
C  [MSVCR100.dll+0x27997]
C  [MSVCR100.dll+0x27ab0]
C  [MSVCR100.dll+0x27b1d]
V  [jvm.dll+0x158142]
V  [jvm.dll+0x181bbd]
V  [jvm.dll+0x181021]
V  [jvm.dll+0x181437]
V  [jvm.dll+0x181632]
V  [jvm.dll+0x1c1376]
C  [MSVCR100.dll+0x5c556]
C  [MSVCR100.dll+0x5c600]
C  [KERNEL32.DLL+0x16359]
C  [ntdll.dll+0x68944]
C  [ntdll.dll+0x68914]

VM_Operation (0x0019fa80): Exit, mode: safepoint, requested by thread 0x0294c000


---------------  P R O C E S S  ---------------

Java Threads: ( => current thread )
  0x4b329400 JavaThread "AWT-Shutdown" [_thread_blocked, id=16356, stack(0x485e0000,0x486e0000)]
  0x48edc000 JavaThread "EMF Reference Cleaner" daemon [_thread_blocked, id=9268, stack(0x4a3b0000,0x4a4b0000)]
  0x48d42800 JavaThread "Java2D Disposer" daemon [_thread_blocked, id=4340, stack(0x49fb0000,0x4a0b0000)]
  0x45306c00 JavaThread "Service Thread" daemon [_thread_blocked, id=20344, stack(0x45b30000,0x45c30000)]
  0x45300800 JavaThread "C1 CompilerThread0" daemon [_thread_blocked, id=6104, stack(0x459f0000,0x45af0000)]
  0x45331000 JavaThread "Attach Listener" daemon [_thread_blocked, id=19544, stack(0x458b0000,0x459b0000)]
  0x45330000 JavaThread "Signal Dispatcher" daemon [_thread_blocked, id=4432, stack(0x45770000,0x45870000)]
  0x452e8400 JavaThread "Finalizer" daemon [_thread_blocked, id=4436, stack(0x455d0000,0x456d0000)]
  0x452d2400 JavaThread "Reference Handler" daemon [_thread_blocked, id=4468, stack(0x454d0000,0x455d0000)]
  0x0294c000 JavaThread "main" [_thread_blocked, id=4532, stack(0x000a0000,0x001a0000)]

Other Threads:
=>0x028fbc00 VMThread [stack: 0x451d0000,0x452d0000] [id=4440]

VM state:at safepoint (shutting down)

VM Mutex/Monitor currently owned by a thread:  ([mutex/lock_event])
[0x0294acb0] Threads_lock - owner thread: 0x028fbc00

Heap:
 def new generation   total 46784K, used 32001K [0x04a00000, 0x07cc0000, 0x19f50000)
  eden space 41600K,  75% used [0x04a00000, 0x068c2d68, 0x072a0000)
  from space 5184K,   9% used [0x077b0000, 0x0782d9d0, 0x07cc0000)
  to   space 5184K,   0% used [0x072a0000, 0x072a0000, 0x077b0000)
 tenured generation   total 103804K, used 72514K [0x19f50000, 0x204af000, 0x44a00000)
   the space 103804K,  69% used [0x19f50000, 0x1e620a78, 0x1e620c00, 0x204af000)
 Metaspace       used 36730K, capacity 38585K, committed 38656K, reserved 39296K

Card table byte_map: [0x44a00000,0x44c10000] byte_map_base: 0x449db000

Polling page: 0x00660000

CodeCache: size=32768Kb used=5109Kb max_used=6481Kb free=27658Kb
 bounds [0x02950000, 0x02fa8000, 0x04950000]
 total_blobs=2743 nmethods=2462 adapters=208
 compilation: enabled

Compilation events (10 events):
Event: 22368.360 Thread 0x45300800 68501             org.eclipse.osgi.internal.framework.EquinoxContainerAdaptor::clearManifestCache (84 bytes)
Event: 22368.360 Thread 0x45300800 nmethod 68501 0x02b45fc8 code [0x02b46130, 0x02b466a0]
Event: 22368.360 Thread 0x45300800 68502   !         org.eclipse.osgi.storage.BundleInfo$Generation::clearManifestCache (30 bytes)
Event: 22368.360 Thread 0x45300800 nmethod 68502 0x02b458c8 code [0x02b459e0, 0x02b45dac]
Event: 22368.360 Thread 0x45300800 68503             org.eclipse.osgi.internal.loader.classpath.ClasspathEntry::getBundleFile (5 bytes)
Event: 22368.360 Thread 0x45300800 nmethod 68503 0x02b45708 code [0x02b45800, 0x02b45880]
Event: 22368.360 Thread 0x45300800 68504             org.eclipse.osgi.container.Module::unlockStateChange (63 bytes)
Event: 22368.361 Thread 0x45300800 nmethod 68504 0x02b44e48 code [0x02b44fb0, 0x02b45324]
Event: 22368.361 Thread 0x45300800 68505             java.util.RegularEnumSet::remove (74 bytes)
Event: 22368.361 Thread 0x45300800 nmethod 68505 0x02b44ac8 code [0x02b44bd0, 0x02b44d4c]

GC Heap History (10 events):
Event: 21761.470 GC heap before
{Heap before GC invocations=9935 (full 4):
 def new generation   total 46784K, used 41802K [0x04a00000, 0x07cc0000, 0x19f50000)
  eden space 41600K, 100% used [0x04a00000, 0x072a0000, 0x072a0000)
  from space 5184K,   3% used [0x072a0000, 0x072d2888, 0x077b0000)
  to   space 5184K,   0% used [0x077b0000, 0x077b0000, 0x07cc0000)
 tenured generation   total 103804K, used 72514K [0x19f50000, 0x204af000, 0x44a00000)
   the space 103804K,  69% used [0x19f50000, 0x1e620a78, 0x1e620c00, 0x204af000)
 Metaspace       used 36467K, capacity 38322K, committed 38400K, reserved 39296K
Event: 21761.472 GC heap after
Heap after GC invocations=9936 (full 4):
 def new generation   total 46784K, used 146K [0x04a00000, 0x07cc0000, 0x19f50000)
  eden space 41600K,   0% used [0x04a00000, 0x04a00000, 0x072a0000)
  from space 5184K,   2% used [0x077b0000, 0x077d49f0, 0x07cc0000)
  to   space 5184K,   0% used [0x072a0000, 0x072a0000, 0x077b0000)
 tenured generation   total 103804K, used 72514K [0x19f50000, 0x204af000, 0x44a00000)
   the space 103804K,  69% used [0x19f50000, 0x1e620a78, 0x1e620c00, 0x204af000)
 Metaspace       used 36467K, capacity 38322K, committed 38400K, reserved 39296K
}
Event: 22316.505 GC heap before
{Heap before GC invocations=9936 (full 4):
 def new generation   total 46784K, used 41567K [0x04a00000, 0x07cc0000, 0x19f50000)
  eden space 41600K,  99% used [0x04a00000, 0x07273490, 0x072a0000)
  from space 5184K,   2% used [0x077b0000, 0x077d49f0, 0x07cc0000)
  to   space 5184K,   0% used [0x072a0000, 0x072a0000, 0x077b0000)
 tenured generation   total 103804K, used 72514K [0x19f50000, 0x204af000, 0x44a00000)
   the space 103804K,  69% used [0x19f50000, 0x1e620a78, 0x1e620c00, 0x204af000)
 Metaspace       used 36470K, capacity 38327K, committed 38400K, reserved 39296K
Event: 22316.510 GC heap after
Heap after GC invocations=9937 (full 4):
 def new generation   total 46784K, used 318K [0x04a00000, 0x07cc0000, 0x19f50000)
  eden space 41600K,   0% used [0x04a00000, 0x04a00000, 0x072a0000)
  from space 5184K,   6% used [0x072a0000, 0x072efba8, 0x077b0000)
  to   space 5184K,   0% used [0x077b0000, 0x077b0000, 0x07cc0000)
 tenured generation   total 103804K, used 72514K [0x19f50000, 0x204af000, 0x44a00000)
   the space 103804K,  69% used [0x19f50000, 0x1e620a78, 0x1e620c00, 0x204af000)
 Metaspace       used 36470K, capacity 38327K, committed 38400K, reserved 39296K
}
Event: 22331.265 GC heap before
{Heap before GC invocations=9937 (full 4):
 def new generation   total 46784K, used 40186K [0x04a00000, 0x07cc0000, 0x19f50000)
  eden space 41600K,  95% used [0x04a00000, 0x070eef50, 0x072a0000)
  from space 5184K,   6% used [0x072a0000, 0x072efba8, 0x077b0000)
  to   space 5184K,   0% used [0x077b0000, 0x077b0000, 0x07cc0000)
 tenured generation   total 103804K, used 72514K [0x19f50000, 0x204af000, 0x44a00000)
   the space 103804K,  69% used [0x19f50000, 0x1e620a78, 0x1e620c00, 0x204af000)
 Metaspace       used 36470K, capacity 38327K, committed 38400K, reserved 39296K
Event: 22331.269 GC heap after
Heap after GC invocations=9938 (full 4):
 def new generation   total 46784K, used 493K [0x04a00000, 0x07cc0000, 0x19f50000)
  eden space 41600K,   0% used [0x04a00000, 0x04a00000, 0x072a0000)
  from space 5184K,   9% used [0x077b0000, 0x0782b670, 0x07cc0000)
  to   space 5184K,   0% used [0x072a0000, 0x072a0000, 0x077b0000)
 tenured generation   total 103804K, used 72514K [0x19f50000, 0x204af000, 0x44a00000)
   the space 103804K,  69% used [0x19f50000, 0x1e620a78, 0x1e620c00, 0x204af000)
 Metaspace       used 36470K, capacity 38327K, committed 38400K, reserved 39296K
}
Event: 22346.446 GC heap before
{Heap before GC invocations=9938 (full 4):
 def new generation   total 46784K, used 42007K [0x04a00000, 0x07cc0000, 0x19f50000)
  eden space 41600K,  99% used [0x04a00000, 0x0728a5f0, 0x072a0000)
  from space 5184K,   9% used [0x077b0000, 0x0782b670, 0x07cc0000)
  to   space 5184K,   0% used [0x072a0000, 0x072a0000, 0x077b0000)
 tenured generation   total 103804K, used 72514K [0x19f50000, 0x204af000, 0x44a00000)
   the space 103804K,  69% used [0x19f50000, 0x1e620a78, 0x1e620c00, 0x204af000)
 Metaspace       used 36471K, capacity 38327K, committed 38400K, reserved 39296K
Event: 22346.450 GC heap after
Heap after GC invocations=9939 (full 4):
 def new generation   total 46784K, used 503K [0x04a00000, 0x07cc0000, 0x19f50000)
  eden space 41600K,   0% used [0x04a00000, 0x04a00000, 0x072a0000)
  from space 5184K,   9% used [0x072a0000, 0x0731dec0, 0x077b0000)
  to   space 5184K,   0% used [0x077b0000, 0x077b0000, 0x07cc0000)
 tenured generation   total 103804K, used 72514K [0x19f50000, 0x204af000, 0x44a00000)
   the space 103804K,  69% used [0x19f50000, 0x1e620a78, 0x1e620c00, 0x204af000)
 Metaspace       used 36471K, capacity 38327K, committed 38400K, reserved 39296K
}
Event: 22363.686 GC heap before
{Heap before GC invocations=9939 (full 4):
 def new generation   total 46784K, used 41708K [0x04a00000, 0x07cc0000, 0x19f50000)
  eden space 41600K,  99% used [0x04a00000, 0x0723d3d0, 0x072a0000)
  from space 5184K,   9% used [0x072a0000, 0x0731dec0, 0x077b0000)
  to   space 5184K,   0% used [0x077b0000, 0x077b0000, 0x07cc0000)
 tenured generation   total 103804K, used 72514K [0x19f50000, 0x204af000, 0x44a00000)
   the space 103804K,  69% used [0x19f50000, 0x1e620a78, 0x1e620c00, 0x204af000)
 Metaspace       used 36471K, capacity 38327K, committed 38400K, reserved 39296K
Event: 22363.689 GC heap after
Heap after GC invocations=9940 (full 4):
 def new generation   total 46784K, used 502K [0x04a00000, 0x07cc0000, 0x19f50000)
  eden space 41600K,   0% used [0x04a00000, 0x04a00000, 0x072a0000)
  from space 5184K,   9% used [0x077b0000, 0x0782d9d0, 0x07cc0000)
  to   space 5184K,   0% used [0x072a0000, 0x072a0000, 0x077b0000)
 tenured generation   total 103804K, used 72514K [0x19f50000, 0x204af000, 0x44a00000)
   the space 103804K,  69% used [0x19f50000, 0x1e620a78, 0x1e620c00, 0x204af000)
 Metaspace       used 36471K, capacity 38327K, committed 38400K, reserved 39296K
}

Deoptimization events (0 events):
No events

Internal exceptions (10 events):
Event: 19028.348 Thread 0x0294c000 Exception <a 'java/lang/NullPointerException'> (0x04ad2dd8) thrown at [C:\workspace\8-2-build-windows-i586-cygwin\jdk8u92\6642\hotspot\src\share\vm\interpreter\linkResolver.cpp, line 1178]
Event: 19034.061 Thread 0x0294c000 Exception <a 'java/lang/NullPointerException'> (0x05396f48) thrown at [C:\workspace\8-2-build-windows-i586-cygwin\jdk8u92\6642\hotspot\src\share\vm\interpreter\linkResolver.cpp, line 1178]
Event: 21784.940 Thread 0x48df0c00 Exception <a 'java/lang/InterruptedException': sleep interrupted> (0x060851d8) thrown at [C:\workspace\8-2-build-windows-i586-cygwin\jdk8u92\6642\hotspot\src\share\vm\prims\jvm.cpp, line 3215]
Event: 22367.446 Thread 0x48df0c00 Exception <a 'java/lang/InterruptedException': sleep interrupted> (0x06383f10) thrown at [C:\workspace\8-2-build-windows-i586-cygwin\jdk8u92\6642\hotspot\src\share\vm\prims\jvm.cpp, line 3215]
Event: 22367.565 Thread 0x48df0c00 Exception <a 'java/lang/InterruptedException': sleep interrupted> (0x06391a28) thrown at [C:\workspace\8-2-build-windows-i586-cygwin\jdk8u92\6642\hotspot\src\share\vm\prims\jvm.cpp, line 3215]
Event: 22368.232 Thread 0x4b32b400 Exception <a 'java/lang/InterruptedException': sleep interrupted> (0x065e6550) thrown at [C:\workspace\8-2-build-windows-i586-cygwin\jdk8u92\6642\hotspot\src\share\vm\prims\jvm.cpp, line 3215]
Event: 22368.239 Thread 0x48eddc00 Exception <a 'java/lang/InterruptedException'> (0x06393f80) thrown at [C:\workspace\8-2-build-windows-i586-cygwin\jdk8u92\6642\hotspot\src\share\vm\runtime\objectMonitor.cpp, line 1684]
Event: 22368.340 Thread 0x480b7800 Exception <a 'java/lang/InterruptedException'> (0x05e9b448) thrown at [C:\workspace\8-2-build-windows-i586-cygwin\jdk8u92\6642\hotspot\src\share\vm\runtime\objectMonitor.cpp, line 1684]
Event: 22368.351 Thread 0x48015800 Exception <a 'java/lang/InterruptedException'> (0x067358b8) thrown at [C:\workspace\8-2-build-windows-i586-cygwin\jdk8u92\6642\hotspot\src\share\vm\runtime\objectMonitor.cpp, line 1684]
Event: 22368.351 Thread 0x48016000 Exception <a 'java/lang/InterruptedException'> (0x068712a0) thrown at [C:\workspace\8-2-build-windows-i586-cygwin\jdk8u92\6642\hotspot\src\share\vm\runtime\objectMonitor.cpp, line 1684]

Events (10 events):
Event: 22368.351 Thread 0x48015800 Thread exited: 0x48015800
Event: 22368.351 Thread 0x48016000 Thread exited: 0x48016000
Event: 22368.357 Thread 0x4b32bc00 Thread exited: 0x4b32bc00
Event: 22368.377 loading class java/util/IdentityHashMap$KeyIterator
Event: 22368.377 loading class java/util/IdentityHashMap$KeyIterator done
Event: 22368.377 Thread 0x4b32d000 Thread added: 0x4b32d000
Event: 22368.388 Thread 0x4b329400 Thread added: 0x4b329400
Event: 22368.414 Thread 0x48eda000 Thread exited: 0x48eda000
Event: 22368.490 Thread 0x4b32d000 Thread exited: 0x4b32d000
Event: 22368.496 Executing VM operation: Exit


Dynamic libraries:
0x00400000 - 0x0044e000 	D:\Program Files (x86)\XMind\XMind.exe
0x77500000 - 0x7769a000 	C:\WINDOWS\SYSTEM32\ntdll.dll
0x76050000 - 0x76130000 	C:\WINDOWS\System32\KERNEL32.DLL
0x75e50000 - 0x7604f000 	C:\WINDOWS\System32\KERNELBASE.dll
0x764d0000 - 0x76668000 	C:\WINDOWS\System32\USER32.dll
0x75ad0000 - 0x75ae7000 	C:\WINDOWS\System32\win32u.dll
0x74e60000 - 0x74e81000 	C:\WINDOWS\System32\GDI32.dll
0x762b0000 - 0x7640c000 	C:\WINDOWS\System32\gdi32full.dll
0x77230000 - 0x772ac000 	C:\WINDOWS\System32\msvcp_win.dll
0x75b60000 - 0x75c80000 	C:\WINDOWS\System32\ucrtbase.dll
0x76a30000 - 0x76aef000 	C:\WINDOWS\System32\MSVCRT.dll
0x70af0000 - 0x70cff000 	C:\WINDOWS\WinSxS\x86_microsoft.windows.common-controls_6595b64144ccf1df_6.0.18362.1198_none_e62f422ef8d70235\COMCTL32.dll
0x76f90000 - 0x77205000 	C:\WINDOWS\System32\combase.dll
0x76410000 - 0x764cb000 	C:\WINDOWS\System32\RPCRT4.dll
0x74cc0000 - 0x74ce5000 	C:\WINDOWS\System32\SspiCli.dll
0x74cb0000 - 0x74cba000 	C:\WINDOWS\System32\CRYPTBASE.dll
0x768c0000 - 0x7691f000 	C:\WINDOWS\System32\bcryptPrimitives.dll
0x772b0000 - 0x77326000 	C:\WINDOWS\System32\sechost.dll
0x76670000 - 0x76695000 	C:\WINDOWS\System32\IMM32.DLL
0x72000000 - 0x7200d000 	D:\Program Files (x86)\XMind\plugins\org.eclipse.equinox.launcher.win32.win32.x86_1.1.400.v20160518-1444\eclipse_1617.dll
0x767b0000 - 0x76829000 	C:\WINDOWS\System32\ADVAPI32.dll
0x74c70000 - 0x74c78000 	C:\WINDOWS\SYSTEM32\VERSION.dll
0x025d0000 - 0x0264a000 	C:\WINDOWS\system32\uxtheme.dll
0x75c90000 - 0x75d93000 	C:\WINDOWS\System32\MSCTF.dll
0x76920000 - 0x769b2000 	C:\WINDOWS\System32\OLEAUT32.dll
0x63990000 - 0x63d5b000 	D:\Program Files (x86)\XMind\jre\bin\client\jvm.dll
0x76f80000 - 0x76f86000 	C:\WINDOWS\System32\PSAPI.DLL
0x71a60000 - 0x71a68000 	C:\WINDOWS\SYSTEM32\WSOCK32.dll
0x73c30000 - 0x73c54000 	C:\WINDOWS\SYSTEM32\WINMM.dll
0x74910000 - 0x749cf000 	C:\WINDOWS\SYSTEM32\MSVCR100.dll
0x77390000 - 0x773ee000 	C:\WINDOWS\System32\WS2_32.dll
0x73af0000 - 0x73b13000 	C:\WINDOWS\SYSTEM32\winmmbase.dll
0x76af0000 - 0x76b2b000 	C:\WINDOWS\System32\cfgmgr32.dll
0x6a480000 - 0x6a48c000 	D:\Program Files (x86)\XMind\jre\bin\verify.dll
0x643f0000 - 0x64411000 	D:\Program Files (x86)\XMind\jre\bin\java.dll
0x643d0000 - 0x643e3000 	D:\Program Files (x86)\XMind\jre\bin\zip.dll
0x74f80000 - 0x754fb000 	C:\WINDOWS\System32\SHELL32.dll
0x76830000 - 0x768b4000 	C:\WINDOWS\System32\shcore.dll
0x75500000 - 0x75ac1000 	C:\WINDOWS\System32\windows.storage.dll
0x77210000 - 0x7722b000 	C:\WINDOWS\System32\profapi.dll
0x76130000 - 0x76173000 	C:\WINDOWS\System32\powrprof.dll
0x769c0000 - 0x769cd000 	C:\WINDOWS\System32\UMPDC.dll
0x75e00000 - 0x75e44000 	C:\WINDOWS\System32\shlwapi.dll
0x75af0000 - 0x75aff000 	C:\WINDOWS\System32\kernel.appcore.dll
0x74e90000 - 0x74ea3000 	C:\WINDOWS\System32\cryptsp.dll
0x73610000 - 0x7363f000 	C:\WINDOWS\system32\rsaenh.dll
0x74f60000 - 0x74f79000 	C:\WINDOWS\System32\bcrypt.dll
0x74c90000 - 0x74cae000 	C:\WINDOWS\SYSTEM32\USERENV.dll
0x643b0000 - 0x643c6000 	D:\Program Files (x86)\XMind\jre\bin\net.dll
0x738f0000 - 0x73942000 	C:\WINDOWS\system32\mswsock.dll
0x74b30000 - 0x74b62000 	C:\WINDOWS\SYSTEM32\IPHLPAPI.DLL
0x75df0000 - 0x75df7000 	C:\WINDOWS\System32\NSI.dll
0x73090000 - 0x730a3000 	C:\WINDOWS\SYSTEM32\dhcpcsvc6.DLL
0x735b0000 - 0x735c5000 	C:\WINDOWS\SYSTEM32\dhcpcsvc.DLL
0x74180000 - 0x74213000 	C:\WINDOWS\SYSTEM32\DNSAPI.dll
0x6a400000 - 0x6a40f000 	D:\Program Files (x86)\XMind\jre\bin\nio.dll
0x67980000 - 0x67a04000 	C:\WINDOWS\System32\TextInputFramework.dll
0x67650000 - 0x678ae000 	C:\WINDOWS\System32\CoreUIComponents.dll
0x675c0000 - 0x67649000 	C:\WINDOWS\System32\CoreMessaging.dll
0x73950000 - 0x73979000 	C:\WINDOWS\SYSTEM32\ntmarta.dll
0x71300000 - 0x713da000 	C:\WINDOWS\SYSTEM32\wintypes.dll
0x710d0000 - 0x712fa000 	C:\WINDOWS\System32\iertutil.dll
0x766b0000 - 0x767a7000 	C:\WINDOWS\System32\ole32.dll
0x76180000 - 0x76200000 	C:\WINDOWS\System32\clbcatq.dll
0x773f0000 - 0x774eb000 	C:\WINDOWS\System32\CRYPT32.dll
0x75c80000 - 0x75c8e000 	C:\WINDOWS\System32\MSASN1.dll
0x74eb0000 - 0x74ecb000 	C:\WINDOWS\System32\imagehlp.dll
0x592f0000 - 0x59606000 	D:\Program Files (x86)\Baidu\BaiduPinyin\5.5.5043.0\UIPFull.dll
0x73030000 - 0x73086000 	D:\Program Files (x86)\Baidu\BaiduPinyin\5.5.5043.0\configure.dll
0x72860000 - 0x729c9000 	C:\WINDOWS\WinSxS\x86_microsoft.windows.gdiplus_6595b64144ccf1df_1.1.18362.1198_none_171a351453697c03\gdiplus.dll
0x735e0000 - 0x735e6000 	C:\WINDOWS\SYSTEM32\MSIMG32.dll
0x719f0000 - 0x71a43000 	C:\WINDOWS\SYSTEM32\OLEACC.dll
0x59220000 - 0x592e3000 	D:\Program Files (x86)\Baidu\BaiduPinyin\5.5.5043.0\imefreetype.dll
0x74a40000 - 0x74a53000 	C:\WINDOWS\SYSTEM32\NETAPI32.dll
0x591d0000 - 0x5921e000 	D:\Program Files (x86)\Baidu\BaiduPinyin\5.5.5043.0\imepng.dll
0x59190000 - 0x591c3000 	D:\Program Files (x86)\Baidu\BaiduPinyin\5.5.5043.0\imezlib.dll
0x67c80000 - 0x67e65000 	C:\Windows\System32\twinapi.appcore.dll
0x67c60000 - 0x67c7f000 	C:\Windows\System32\RMCLIENT.dll
0x738d0000 - 0x738e1000 	C:\WINDOWS\system32\napinsp.dll
0x738b0000 - 0x738c6000 	C:\WINDOWS\system32\pnrpnsp.dll
0x738a0000 - 0x738ab000 	C:\WINDOWS\System32\winrnr.dll
0x73880000 - 0x73896000 	C:\WINDOWS\system32\NLAapi.dll
0x73870000 - 0x73880000 	C:\WINDOWS\system32\wshbth.dll
0x73860000 - 0x73868000 	C:\Windows\System32\rasadhlp.dll
0x73800000 - 0x73851000 	C:\WINDOWS\System32\fwpuclnt.dll
0x64390000 - 0x643b0000 	D:\Program Files (x86)\XMind\jre\bin\sunec.dll
0x49aa0000 - 0x49b0e000 	C:\Users\yangjunst\AppData\Roaming\XMind\configuration-cathy_win32-R3.7.5.201709290120\org.eclipse.osgi\880\0\.cp\swt-win32-4623.dll
0x76200000 - 0x762b0000 	C:\WINDOWS\System32\comdlg32.dll
0x62110000 - 0x6217b000 	C:\WINDOWS\SYSTEM32\WINSPOOL.DRV
0x716a0000 - 0x716b7000 	C:\WINDOWS\SYSTEM32\USP10.dll
0x73ca0000 - 0x740fb000 	C:\WINDOWS\SYSTEM32\WININET.dll
0x73430000 - 0x734f6000 	C:\WINDOWS\SYSTEM32\PROPSYS.dll
0x49b30000 - 0x49b4d000 	C:\Users\yangjunst\AppData\Roaming\XMind\configuration-cathy_win32-R3.7.5.201709290120\org.eclipse.osgi\880\0\.cp\swt-gdip-win32-4623.dll
0x6fe90000 - 0x6fff9000 	C:\WINDOWS\SYSTEM32\WindowsCodecs.dll
0x68f00000 - 0x68f0f000 	C:\Users\yangjunst\AppData\Roaming\XMind\configuration-cathy_win32-R3.7.5.201709290120\org.eclipse.osgi\210\0\.cp\jWinHttp-1.0.0.dll
0x72060000 - 0x7211d000 	C:\WINDOWS\SYSTEM32\WINHTTP.dll
0x64240000 - 0x64385000 	D:\Program Files (x86)\XMind\jre\bin\awt.dll
0x70e60000 - 0x70eff000 	C:\WINDOWS\SYSTEM32\apphelp.dll
0x673e0000 - 0x67405000 	C:\WINDOWS\system32\DWMAPI.DLL
0x62180000 - 0x62303000 	C:\WINDOWS\system32\explorerframe.dll
0x673a0000 - 0x673d1000 	C:\WINDOWS\system32\dataexchange.dll
0x68040000 - 0x6821e000 	C:\WINDOWS\system32\d3d11.dll
0x67230000 - 0x6739a000 	C:\WINDOWS\system32\dcomp.dll
0x67f70000 - 0x68031000 	C:\WINDOWS\system32\dxgi.dll
0x67f20000 - 0x67f39000 	C:\WINDOWS\SYSTEM32\dxcore.dll
0x68220000 - 0x684a0000 	C:\WINDOWS\SYSTEM32\DWrite.dll
0x4e6b0000 - 0x4e6b7000 	C:\Users\yangjunst\AppData\Roaming\XMind\configuration-cathy_win32-R3.7.5.201709290120\org.eclipse.osgi\760\0\.cp\jnicrypt.dll
0x73530000 - 0x73538000 	C:\WINDOWS\System32\DPAPI.dll
0x6f910000 - 0x6f919000 	D:\Program Files (x86)\XMind\jre\bin\sunmscapi.dll
0x71c60000 - 0x71c9b000 	C:\WINDOWS\system32\c_g18030.dll
0x63820000 - 0x63987000 	C:\WINDOWS\SYSTEM32\DUI70.dll
0x64490000 - 0x64507000 	C:\WINDOWS\SYSTEM32\DUser.dll
0x70e10000 - 0x70e5a000 	C:\Windows\System32\thumbcache.dll
0x719d0000 - 0x719eb000 	C:\WINDOWS\SYSTEM32\edputil.dll
0x63790000 - 0x63815000 	C:\WINDOWS\System32\StructuredQuery.dll
0x6a390000 - 0x6a39d000 	C:\WINDOWS\SYSTEM32\atlthunk.dll
0x713f0000 - 0x7140b000 	C:\WINDOWS\SYSTEM32\CLDAPI.dll
0x73540000 - 0x73548000 	C:\WINDOWS\SYSTEM32\FLTLIB.DLL
0x6fb60000 - 0x6fb78000 	C:\WINDOWS\SYSTEM32\MPR.dll
0x6fb50000 - 0x6fb59000 	C:\WINDOWS\System32\drprov.dll
0x73a00000 - 0x73a44000 	C:\WINDOWS\System32\WINSTA.dll
0x769d0000 - 0x76a2e000 	C:\WINDOWS\System32\coml2.dll
0x6fb30000 - 0x6fb42000 	C:\WINDOWS\System32\ntlanman.dll
0x6fb10000 - 0x6fb29000 	C:\WINDOWS\System32\davclnt.dll
0x6fb00000 - 0x6fb0a000 	C:\WINDOWS\System32\DAVHLPR.dll
0x73aa0000 - 0x73ab0000 	C:\WINDOWS\System32\wkscli.dll
0x70d00000 - 0x70d0e000 	C:\WINDOWS\SYSTEM32\cscapi.dll
0x73ae0000 - 0x73aeb000 	C:\WINDOWS\System32\netutils.dll

VM Arguments:
jvm_args: -Dfile.encoding=UTF-8 -Xms128m -Xmx1024m -XX:MaxPermSize=256m 
java_command: <unknown>
java_class_path (initial): D:\Program Files (x86)\XMind\\plugins/org.eclipse.equinox.launcher_1.3.200.v20160318-1642.jar
Launcher Type: generic

Environment Variables:
JAVA_HOME=C:\Program Files\Java\jdk1.8.0_201
PATH=D:/Program Files (x86)/XMind/jre/bin/client;D:/Program Files (x86)/XMind/jre/bin;D:/Program Files (x86)/XMind/jre/lib/i386;C:\Program Files (x86)\Common Files\Oracle\Java\javapath;C:\WINDOWS\system32;C:\WINDOWS;C:\WINDOWS\System32\Wbem;C:\WINDOWS\System32\WindowsPowerShell\v1.0\;C:\Program Files\Java\jdk1.8.0_201\bin;E:\apache-maven-3.3.9\bin;D:\Program Files\TortoiseGit\bin;C:\WINDOWS\System32\OpenSSH\;E:\gradle-4.3-all\gradle-4.3\bin;C:\Program Files (x86)\Java\jdk1.7.0\bin;D:\Program Files\erl10.3\bin;D:\Program Files\Git\cmd;D:\Program Files\nodejs\;C:\Users\yangjunst\AppData\Local\Microsoft\WindowsApps;C:\Users\yangjunst\AppData\Roaming\npm;E:\Learn\note\version1;
USERNAME=Ñî¿¡
OS=Windows_NT
PROCESSOR_IDENTIFIER=Intel64 Family 6 Model 142 Stepping 10, GenuineIntel



---------------  S Y S T E M  ---------------

OS: Windows 10.0 , 64 bit Build 18362 (10.0.18362.1110)

CPU:total 8 (4 cores per cpu, 2 threads per core) family 6 model 142 stepping 10, cmov, cx8, fxsr, mmx, sse, sse2, sse3, ssse3, sse4.1, sse4.2, popcnt, avx, avx2, aes, clmul, erms, 3dnowpref, lzcnt, ht, tsc, tscinvbit, bmi1, bmi2, adx

Memory: 4k page, physical 7921852k(1915788k free), swap 14213308k(5424840k free)

vm_info: Java HotSpot(TM) Client VM (25.92-b14) for windows-x86 JRE (1.8.0_92-b14), built on Mar 31 2016 21:09:21 by "java_re" with MS VC++ 10.0 (VS2010)

time: Sun Nov 15 15:51:17 2020
elapsed time: 22368 seconds (0d 6h 12m 48s)

